0 info it worked if it ends with ok
1 verbose cli [ '/usr/local/bin/node',
1 verbose cli   '/Users/Malek/projects/gottalotto-api/node_modules/.bin/npm',
1 verbose cli   'run',
1 verbose cli   'migrate' ]
2 info using npm@2.15.12
3 info using node@v8.9.4
4 warn invalid config loglevel="notice"
5 verbose run-script [ 'premigrate', 'migrate', 'postmigrate' ]
6 info premigrate gottalotto-api@1.0.0
7 info migrate gottalotto-api@1.0.0
8 verbose unsafe-perm in lifecycle true
9 info gottalotto-api@1.0.0 Failed to exec migrate script
10 verbose stack Error: gottalotto-api@1.0.0 migrate: `postgrator --config postgrator-config.js`
10 verbose stack Exit status 1
10 verbose stack     at EventEmitter.<anonymous> (/Users/Malek/projects/gottalotto-api/node_modules/npm/lib/utils/lifecycle.js:217:16)
10 verbose stack     at emitTwo (events.js:126:13)
10 verbose stack     at EventEmitter.emit (events.js:214:7)
10 verbose stack     at ChildProcess.<anonymous> (/Users/Malek/projects/gottalotto-api/node_modules/npm/lib/utils/spawn.js:24:14)
10 verbose stack     at emitTwo (events.js:126:13)
10 verbose stack     at ChildProcess.emit (events.js:214:7)
10 verbose stack     at maybeClose (internal/child_process.js:925:16)
10 verbose stack     at Process.ChildProcess._handle.onexit (internal/child_process.js:209:5)
11 verbose pkgid gottalotto-api@1.0.0
12 verbose cwd /Users/Malek/projects/gottalotto-api
13 error Darwin 18.7.0
14 error argv "/usr/local/bin/node" "/Users/Malek/projects/gottalotto-api/node_modules/.bin/npm" "run" "migrate"
15 error node v8.9.4
16 error npm  v2.15.12
17 error code ELIFECYCLE
18 error gottalotto-api@1.0.0 migrate: `postgrator --config postgrator-config.js`
18 error Exit status 1
19 error Failed at the gottalotto-api@1.0.0 migrate script 'postgrator --config postgrator-config.js'.
19 error This is most likely a problem with the gottalotto-api package,
19 error not with npm itself.
19 error Tell the author that this fails on your system:
19 error     postgrator --config postgrator-config.js
19 error You can get information on how to open an issue for this project with:
19 error     npm bugs gottalotto-api
19 error Or if that isn't available, you can get their info via:
19 error
19 error     npm owner ls gottalotto-api
19 error There is likely additional logging output above.
20 verbose exit [ 1, true ]
